#
# A fatal error has been detected by the Java Runtime Environment:
#
#  EXCEPTION_ACCESS_VIOLATION (0xc0000005) at pc=0x6d993e52, pid=2512, tid=3612
#
# JRE version: 6.0_24-b07
# Java VM: Java HotSpot(TM) Client VM (19.1-b02 mixed mode windows-x86 )
# Problematic frame:
# V  [jvm.dll+0xf3e52]
#
# If you would like to submit a bug report, please visit:
#   http://java.sun.com/webapps/bugreport/crash.jsp
#

---------------  T H R E A D  ---------------

Current thread (0x16954000):  JavaThread "JDWP Transport Listener: dt_socket" daemon [_thread_in_vm, id=3612, stack(0x16c40000,0x16c90000)]

siginfo: ExceptionCode=0xc0000005, reading address 0x00000004

Registers:
EAX=0x00000000, EBX=0x6d43e124, ECX=0x00000000, EDX=0x00000000
ESP=0x16c8fa70, EBP=0x16c8fa74, ESI=0x00000010, EDI=0x6d43e10c
EIP=0x6d993e52, EFLAGS=0x00010246

Register to memory mapping:

EAX=0x00000000
0x00000000 is pointing to unknown location

EBX=0x6d43e124
0x6d43e124 is pointing to unknown location

ECX=0x00000000
0x00000000 is pointing to unknown location

EDX=0x00000000
0x00000000 is pointing to unknown location

ESP=0x16c8fa70
0x16c8fa70 is pointing into the stack for thread: 0x16954000
"JDWP Transport Listener: dt_socket" daemon prio=6 tid=0x16954000 nid=0xe1c runnable [0x00000000]
   java.lang.Thread.State: RUNNABLE

EBP=0x16c8fa74
0x16c8fa74 is pointing into the stack for thread: 0x16954000
"JDWP Transport Listener: dt_socket" daemon prio=6 tid=0x16954000 nid=0xe1c runnable [0x00000000]
   java.lang.Thread.State: RUNNABLE

ESI=0x00000010
0x00000010 is pointing to unknown location

EDI=0x6d43e10c
0x6d43e10c is pointing to unknown location


Top of Stack: (sp=0x16c8fa70)
0x16c8fa70:   16953fc8 16c8faac 6d9a22b7 02a14b38
0x16c8fa80:   6d43e10c 16954118 6d43e124 00000004
0x16c8fa90:   1694ead0 1694ead8 1694eec4 16954000
0x16c8faa0:   00000000 16954118 16c8fc80 6d43e94c
0x16c8fab0:   6d4262bd 16954000 169bb574 00000000
0x16c8fac0:   16c8fae4 16c8fc80 6d442b0a 16c8fc80
0x16c8fad0:   169bb574 16c8fc50 6d42ba30 16c8fc50
0x16c8fae0:   16c8faf0 6d43e840 6d2b4014 6d442be0 

Instructions: (pc=0x6d993e52)
0x6d993e42:   8b 0c 01 8b 14 02 56 8b 35 00 cc b0 6d 8b 04 06
0x6d993e52:   8b 71 04 8b 76 0c 81 e6 00 ff 00 00 81 fe 00 05 


Stack: [0x16c40000,0x16c90000],  sp=0x16c8fa70,  free space=318k
Native frames: (J=compiled Java code, j=interpreted, Vv=VM code, C=native code)
V  [jvm.dll+0xf3e52]
V  [jvm.dll+0x1022b7]


---------------  P R O C E S S  ---------------

Java Threads: ( => current thread )
  0x16967c00 JavaThread "Low Memory Detector" daemon [_thread_blocked, id=608, stack(0x16d80000,0x16dd0000)]
  0x16965400 JavaThread "CompilerThread0" daemon [_thread_blocked, id=3988, stack(0x16d30000,0x16d80000)]
  0x16958000 JavaThread "JDWP Command Reader" daemon [_thread_in_native, id=3608, stack(0x16ce0000,0x16d30000)]
  0x16956800 JavaThread "JDWP Event Helper Thread" daemon [_thread_blocked, id=3012, stack(0x16c90000,0x16ce0000)]
=>0x16954000 JavaThread "JDWP Transport Listener: dt_socket" daemon [_thread_in_vm, id=3612, stack(0x16c40000,0x16c90000)]
  0x16949000 JavaThread "Attach Listener" daemon [_thread_blocked, id=1108, stack(0x16b00000,0x16b50000)]
  0x16947800 JavaThread "Signal Dispatcher" daemon [_thread_blocked, id=3268, stack(0x16ab0000,0x16b00000)]
  0x1693a000 JavaThread "Finalizer" daemon [_thread_blocked, id=3644, stack(0x16a60000,0x16ab0000)]
  0x16935400 JavaThread "Reference Handler" daemon [_thread_blocked, id=1228, stack(0x16a10000,0x16a60000)]
  0x003a7000 JavaThread "main" [_thread_blocked, id=3504, stack(0x008c0000,0x00910000)]

Other Threads:
  0x16931800 VMThread [stack: 0x169c0000,0x16a10000] [id=2648]
  0x16972c00 WatcherThread [stack: 0x16dd0000,0x16e20000] [id=1396]

VM state:not at safepoint (normal execution)

VM Mutex/Monitor currently owned by a thread: None

Heap
 def new generation   total 4864K, used 540K [0x02990000, 0x02ed0000, 0x07e30000)
  eden space 4352K,  12% used [0x02990000, 0x02a17090, 0x02dd0000)
  from space 512K,   0% used [0x02dd0000, 0x02dd0000, 0x02e50000)
  to   space 512K,   0% used [0x02e50000, 0x02e50000, 0x02ed0000)
 tenured generation   total 10880K, used 0K [0x07e30000, 0x088d0000, 0x12790000)
   the space 10880K,   0% used [0x07e30000, 0x07e30000, 0x07e30200, 0x088d0000)
 compacting perm gen  total 12288K, used 2033K [0x12790000, 0x13390000, 0x16790000)
   the space 12288K,  16% used [0x12790000, 0x1298c768, 0x1298c800, 0x13390000)
No shared spaces configured.

Dynamic libraries:
0x00400000 - 0x00424000 	C:\Programme\Java\jdk1.6.0_24\bin\javaw.exe
0x7c910000 - 0x7c9c9000 	C:\WINDOWS\system32\ntdll.dll
0x7c800000 - 0x7c908000 	C:\WINDOWS\system32\kernel32.dll
0x77da0000 - 0x77e4a000 	C:\WINDOWS\system32\ADVAPI32.dll
0x77e50000 - 0x77ee3000 	C:\WINDOWS\system32\RPCRT4.dll
0x77fc0000 - 0x77fd1000 	C:\WINDOWS\system32\Secur32.dll
0x7e360000 - 0x7e3f1000 	C:\WINDOWS\system32\USER32.dll
0x77ef0000 - 0x77f39000 	C:\WINDOWS\system32\GDI32.dll
0x76330000 - 0x7634d000 	C:\WINDOWS\system32\IMM32.DLL
0x7c340000 - 0x7c396000 	C:\Programme\Java\jdk1.6.0_24\jre\bin\msvcr71.dll
0x6d8a0000 - 0x6db46000 	C:\Programme\Java\jdk1.6.0_24\jre\bin\client\jvm.dll
0x76af0000 - 0x76b1e000 	C:\WINDOWS\system32\WINMM.dll
0x6d850000 - 0x6d85c000 	C:\Programme\Java\jdk1.6.0_24\jre\bin\verify.dll
0x6d3d0000 - 0x6d3ef000 	C:\Programme\Java\jdk1.6.0_24\jre\bin\java.dll
0x6d330000 - 0x6d338000 	C:\Programme\Java\jdk1.6.0_24\jre\bin\hpi.dll
0x76bb0000 - 0x76bbb000 	C:\WINDOWS\system32\PSAPI.DLL
0x6d420000 - 0x6d449000 	C:\Programme\Java\jdk1.6.0_24\jre\bin\jdwp.dll
0x6d740000 - 0x6d746000 	C:\Programme\Java\jdk1.6.0_24\jre\bin\npt.dll
0x6d890000 - 0x6d89f000 	C:\Programme\Java\jdk1.6.0_24\jre\bin\zip.dll
0x6d2b0000 - 0x6d2b7000 	C:\Programme\Java\jdk1.6.0_24\jre\bin\dt_socket.dll
0x71a10000 - 0x71a27000 	C:\WINDOWS\system32\WS2_32.dll
0x77be0000 - 0x77c38000 	C:\WINDOWS\system32\msvcrt.dll
0x71a00000 - 0x71a08000 	C:\WINDOWS\system32\WS2HELP.dll
0x719b0000 - 0x719f0000 	C:\WINDOWS\System32\mswsock.dll
0x76ee0000 - 0x76f07000 	C:\WINDOWS\system32\DNSAPI.dll
0x76d20000 - 0x76d39000 	C:\WINDOWS\system32\iphlpapi.dll
0x76f70000 - 0x76f78000 	C:\WINDOWS\System32\winrnr.dll
0x76f20000 - 0x76f4d000 	C:\WINDOWS\system32\WLDAP32.dll
0x16bf0000 - 0x16c15000 	C:\Programme\Bonjour\mdnsNSP.dll
0x76f80000 - 0x76f86000 	C:\WINDOWS\system32\rasadhlp.dll
0x66710000 - 0x66769000 	C:\WINDOWS\system32\hnetcfg.dll
0x719f0000 - 0x719f8000 	C:\WINDOWS\System32\wshtcpip.dll

VM Arguments:
jvm_args: -agentlib:jdwp=transport=dt_socket,suspend=y,address=localhost:1242 -Dfile.encoding=Cp1252 
java_command: fma.test.TestApp
Launcher Type: SUN_STANDARD

Environment Variables:
PATH=C:\Programme\Java\jdk1.6.0_24\jre\bin;C:/Programme/Java/jre6/bin/client;C:/Programme/Java/jre6/bin;C:/Programme/Java/jre6/lib/i386;C:\Programme\MiKTeX 2.8\miktex\bin;C:\Programme\Xilinx\11.1\PlanAhead\bin;C:\Programme\Xilinx\11.1\common\bin\nt;C:\Programme\Xilinx\11.1\ISE\bin\nt;C:\Programme\Xilinx\11.1\ISE\lib\nt;C:\WINDOWS\system32;C:\WINDOWS;C:\WINDOWS\System32\Wbem;c:\programme\iverilog\bin;C:\Programme\TortoiseSVN\bin;c:\programme\Modeltech_pe_edu_6.6b\win32pe_edu;C:\Programme\Oracle\instantclient_11_2;C:\questasim_6.4c\win32
USERNAME=evelyn
OS=Windows_NT
PROCESSOR_IDENTIFIER=x86 Family 6 Model 28 Stepping 2, GenuineIntel



---------------  S Y S T E M  ---------------

OS: Windows XP Build 2600 Service Pack 3

CPU:total 2 (1 cores per cpu, 2 threads per core) family 6 model 28 stepping 2, cmov, cx8, fxsr, mmx, sse, sse2, sse3, ssse3, ht

Memory: 4k page, physical 1037552k(109780k free), swap 2498488k(1661988k free)

vm_info: Java HotSpot(TM) Client VM (19.1-b02) for windows-x86 JRE (1.6.0_24-b07), built on Feb  2 2011 17:44:41 by "java_re" with MS VC++ 7.1 (VS2003)

time: Sun May 08 19:48:40 2011
elapsed time: 66 seconds

